2015-04-01 09:58:40 Error: [MissingControllerException] Controller class CakephpController could not be found.
Exception Attributes: array (
  'class' => 'CakephpController',
  'plugin' => NULL,
)
Request URL: /cakephp/
Stack Trace:
#0 /Users/chen.junyan/my_example/app/webroot/index.php(118): Dispatcher->dispatch(Object(CakeRequest), Object(CakeResponse))
#1 {main}
2015-04-03 03:51:48 Error: Fatal Error (4): syntax error, unexpected ';' in [/Users/chen.junyan/my_cakephp_example/app/Controller/PostsController.php, line 75]
2015-04-03 03:51:48 Error: [FatalErrorException] syntax error, unexpected ';'
Request URL: /posts/add
Stack Trace:
#0 /Users/chen.junyan/my_cakephp_example/lib/Cake/Error/ErrorHandler.php(213): ErrorHandler::handleFatalError(4, 'syntax error, u...', '/Users/chen.jun...', 75)
#1 [internal function]: ErrorHandler::handleError(4, 'syntax error, u...', '/Users/chen.jun...', 75, Array)
#2 /Users/chen.junyan/my_cakephp_example/lib/Cake/Core/App.php(931): call_user_func('ErrorHandler::h...', 4, 'syntax error, u...', '/Users/chen.jun...', 75, Array)
#3 /Users/chen.junyan/my_cakephp_example/lib/Cake/Core/App.php(904): App::_checkFatalError()
#4 [internal function]: App::shutdown()
#5 {main}
2015-04-03 03:54:42 Error: [MethodNotAllowedException] Method Not Allowed
Request URL: /posts/delete/5
Stack Trace:
#0 [internal function]: PostsController->delete('5')
#1 /Users/chen.junyan/my_cakephp_example/lib/Cake/Controller/Controller.php(490): ReflectionMethod->invokeArgs(Object(PostsController), Array)
#2 /Users/chen.junyan/my_cakephp_example/lib/Cake/Routing/Dispatcher.php(193): Controller->invokeAction(Object(CakeRequest))
#3 /Users/chen.junyan/my_cakephp_example/lib/Cake/Routing/Dispatcher.php(167): Dispatcher->_invoke(Object(PostsController), Object(CakeRequest))
#4 /Users/chen.junyan/my_cakephp_example/app/webroot/index.php(118): Dispatcher->dispatch(Object(CakeRequest), Object(CakeResponse))
#5 {main}
2015-04-03 03:56:09 Error: [MethodNotAllowedException] Method Not Allowed
Request URL: /posts/delete/5
Stack Trace:
#0 [internal function]: PostsController->delete('5')
#1 /Users/chen.junyan/my_cakephp_example/lib/Cake/Controller/Controller.php(490): ReflectionMethod->invokeArgs(Object(PostsController), Array)
#2 /Users/chen.junyan/my_cakephp_example/lib/Cake/Routing/Dispatcher.php(193): Controller->invokeAction(Object(CakeRequest))
#3 /Users/chen.junyan/my_cakephp_example/lib/Cake/Routing/Dispatcher.php(167): Dispatcher->_invoke(Object(PostsController), Object(CakeRequest))
#4 /Users/chen.junyan/my_cakephp_example/app/webroot/index.php(118): Dispatcher->dispatch(Object(CakeRequest), Object(CakeResponse))
#5 {main}
2015-04-03 03:56:18 Error: [MethodNotAllowedException] Method Not Allowed
Request URL: /posts/delete/7
Stack Trace:
#0 [internal function]: PostsController->delete('7')
#1 /Users/chen.junyan/my_cakephp_example/lib/Cake/Controller/Controller.php(490): ReflectionMethod->invokeArgs(Object(PostsController), Array)
#2 /Users/chen.junyan/my_cakephp_example/lib/Cake/Routing/Dispatcher.php(193): Controller->invokeAction(Object(CakeRequest))
#3 /Users/chen.junyan/my_cakephp_example/lib/Cake/Routing/Dispatcher.php(167): Dispatcher->_invoke(Object(PostsController), Object(CakeRequest))
#4 /Users/chen.junyan/my_cakephp_example/app/webroot/index.php(118): Dispatcher->dispatch(Object(CakeRequest), Object(CakeResponse))
#5 {main}
2015-04-03 03:58:13 Error: [MissingViewException] View file "Posts/delete.ctp" is missing.
Exception Attributes: array (
  'file' => 'Posts/delete.ctp',
)
Request URL: /posts/delete/7
Stack Trace:
#0 /Users/chen.junyan/my_cakephp_example/lib/Cake/View/View.php(470): View->_getViewFileName(NULL)
#1 /Users/chen.junyan/my_cakephp_example/lib/Cake/Controller/Controller.php(960): View->render(NULL, NULL)
#2 /Users/chen.junyan/my_cakephp_example/lib/Cake/Routing/Dispatcher.php(200): Controller->render()
#3 /Users/chen.junyan/my_cakephp_example/lib/Cake/Routing/Dispatcher.php(167): Dispatcher->_invoke(Object(PostsController), Object(CakeRequest))
#4 /Users/chen.junyan/my_cakephp_example/app/webroot/index.php(118): Dispatcher->dispatch(Object(CakeRequest), Object(CakeResponse))
#5 {main}
2015-04-03 04:34:07 Error: hello
2015-04-03 04:34:32 Error: hello
2015-04-03 04:34:51 Error: hello
2015-04-03 11:12:46 Error: [MissingControllerException] Controller class UsersController could not be found.
Exception Attributes: array (
  'class' => 'UsersController',
  'plugin' => NULL,
)
Request URL: /users/login
Stack Trace:
#0 /Users/chen.junyan/my_cakephp_example/app/webroot/index.php(118): Dispatcher->dispatch(Object(CakeRequest), Object(CakeResponse))
#1 {main}
2015-04-03 11:13:33 Error: [MissingControllerException] Controller class UsersController could not be found.
Exception Attributes: array (
  'class' => 'UsersController',
  'plugin' => NULL,
)
Request URL: /users/login
Stack Trace:
#0 /Users/chen.junyan/my_cakephp_example/app/webroot/index.php(118): Dispatcher->dispatch(Object(CakeRequest), Object(CakeResponse))
#1 {main}
2015-04-03 12:46:35 Error: [MissingControllerException] Controller class CssController could not be found.
Exception Attributes: array (
  'class' => 'CssController',
  'plugin' => NULL,
)
Request URL: /css/cake.generic.css
Stack Trace:
#0 /Users/chen.junyan/my_cakephp_example/app/webroot/index.php(118): Dispatcher->dispatch(Object(CakeRequest), Object(CakeResponse))
#1 {main}
2015-04-03 12:51:46 Error: [MissingControllerException] Controller class CssController could not be found.
Exception Attributes: array (
  'class' => 'CssController',
  'plugin' => NULL,
)
Request URL: /css/cake.generic.css
Stack Trace:
#0 /Users/chen.junyan/my_cakephp_example/app/webroot/index.php(118): Dispatcher->dispatch(Object(CakeRequest), Object(CakeResponse))
#1 {main}
2015-04-03 12:51:54 Error: [MissingControllerException] Controller class CssController could not be found.
Exception Attributes: array (
  'class' => 'CssController',
  'plugin' => NULL,
)
Request URL: /css/cake.generic.css
Stack Trace:
#0 /Users/chen.junyan/my_cakephp_example/app/webroot/index.php(118): Dispatcher->dispatch(Object(CakeRequest), Object(CakeResponse))
#1 {main}
2015-04-03 12:51:54 Error: [MissingActionException] Action BasicController::css() could not be found.
Exception Attributes: array (
  'controller' => 'BasicController',
  'action' => 'css',
)
Request URL: /basic/css/bootstrap.min.css
Stack Trace:
#0 /Users/chen.junyan/my_cakephp_example/lib/Cake/Routing/Dispatcher.php(193): Controller->invokeAction(Object(CakeRequest))
#1 /Users/chen.junyan/my_cakephp_example/lib/Cake/Routing/Dispatcher.php(167): Dispatcher->_invoke(Object(BasicController), Object(CakeRequest))
#2 /Users/chen.junyan/my_cakephp_example/app/webroot/index.php(118): Dispatcher->dispatch(Object(CakeRequest), Object(CakeResponse))
#3 {main}
2015-04-03 12:51:54 Error: [MissingActionException] Action BasicController::js() could not be found.
Exception Attributes: array (
  'controller' => 'BasicController',
  'action' => 'js',
)
Request URL: /basic/js/bootstrap.min.js
Stack Trace:
#0 /Users/chen.junyan/my_cakephp_example/lib/Cake/Routing/Dispatcher.php(193): Controller->invokeAction(Object(CakeRequest))
#1 /Users/chen.junyan/my_cakephp_example/lib/Cake/Routing/Dispatcher.php(167): Dispatcher->_invoke(Object(BasicController), Object(CakeRequest))
#2 /Users/chen.junyan/my_cakephp_example/app/webroot/index.php(118): Dispatcher->dispatch(Object(CakeRequest), Object(CakeResponse))
#3 {main}
2015-04-03 13:14:11 Error: [MissingControllerException] Controller class CssController could not be found.
Exception Attributes: array (
  'class' => 'CssController',
  'plugin' => NULL,
)
Request URL: /css/cake.generic.css
Stack Trace:
#0 /Users/chen.junyan/my_cakephp_example/app/webroot/index.php(118): Dispatcher->dispatch(Object(CakeRequest), Object(CakeResponse))
#1 {main}
2015-04-03 13:14:11 Error: [MissingActionException] Action BasicController::css() could not be found.
Exception Attributes: array (
  'controller' => 'BasicController',
  'action' => 'css',
)
Request URL: /basic/css/bootstrap.min.css
Stack Trace:
#0 /Users/chen.junyan/my_cakephp_example/lib/Cake/Routing/Dispatcher.php(193): Controller->invokeAction(Object(CakeRequest))
#1 /Users/chen.junyan/my_cakephp_example/lib/Cake/Routing/Dispatcher.php(167): Dispatcher->_invoke(Object(BasicController), Object(CakeRequest))
#2 /Users/chen.junyan/my_cakephp_example/app/webroot/index.php(118): Dispatcher->dispatch(Object(CakeRequest), Object(CakeResponse))
#3 {main}
2015-04-03 13:14:11 Error: [MissingControllerException] Controller class CssController could not be found.
Exception Attributes: array (
  'class' => 'CssController',
  'plugin' => NULL,
)
Request URL: /css/bootstrap-responsive.min.css
Stack Trace:
#0 /Users/chen.junyan/my_cakephp_example/app/webroot/index.php(118): Dispatcher->dispatch(Object(CakeRequest), Object(CakeResponse))
#1 {main}
2015-04-03 13:14:12 Error: [MissingActionException] Action BasicController::js() could not be found.
Exception Attributes: array (
  'controller' => 'BasicController',
  'action' => 'js',
)
Request URL: /basic/js/bootstrap.min.js
Stack Trace:
#0 /Users/chen.junyan/my_cakephp_example/lib/Cake/Routing/Dispatcher.php(193): Controller->invokeAction(Object(CakeRequest))
#1 /Users/chen.junyan/my_cakephp_example/lib/Cake/Routing/Dispatcher.php(167): Dispatcher->_invoke(Object(BasicController), Object(CakeRequest))
#2 /Users/chen.junyan/my_cakephp_example/app/webroot/index.php(118): Dispatcher->dispatch(Object(CakeRequest), Object(CakeResponse))
#3 {main}
2015-04-03 14:12:35 Error: [MissingControllerException] Controller class CssController could not be found.
Exception Attributes: array (
  'class' => 'CssController',
  'plugin' => NULL,
)
Request URL: /css/cake.generic.css
Stack Trace:
#0 /Users/chen.junyan/my_cakephp_example/app/webroot/index.php(118): Dispatcher->dispatch(Object(CakeRequest), Object(CakeResponse))
#1 {main}
2015-04-03 14:12:35 Error: [MissingActionException] Action BasicController::css() could not be found.
Exception Attributes: array (
  'controller' => 'BasicController',
  'action' => 'css',
)
Request URL: /basic/css/bootstrap.min.css
Stack Trace:
#0 /Users/chen.junyan/my_cakephp_example/lib/Cake/Routing/Dispatcher.php(193): Controller->invokeAction(Object(CakeRequest))
#1 /Users/chen.junyan/my_cakephp_example/lib/Cake/Routing/Dispatcher.php(167): Dispatcher->_invoke(Object(BasicController), Object(CakeRequest))
#2 /Users/chen.junyan/my_cakephp_example/app/webroot/index.php(118): Dispatcher->dispatch(Object(CakeRequest), Object(CakeResponse))
#3 {main}
2015-04-03 14:12:35 Error: [MissingControllerException] Controller class CssController could not be found.
Exception Attributes: array (
  'class' => 'CssController',
  'plugin' => NULL,
)
Request URL: /css/bootstrap-responsive.min.css
Stack Trace:
#0 /Users/chen.junyan/my_cakephp_example/app/webroot/index.php(118): Dispatcher->dispatch(Object(CakeRequest), Object(CakeResponse))
#1 {main}
2015-04-03 14:12:35 Error: [MissingActionException] Action BasicController::js() could not be found.
Exception Attributes: array (
  'controller' => 'BasicController',
  'action' => 'js',
)
Request URL: /basic/js/bootstrap.min.js
Stack Trace:
#0 /Users/chen.junyan/my_cakephp_example/lib/Cake/Routing/Dispatcher.php(193): Controller->invokeAction(Object(CakeRequest))
#1 /Users/chen.junyan/my_cakephp_example/lib/Cake/Routing/Dispatcher.php(167): Dispatcher->_invoke(Object(BasicController), Object(CakeRequest))
#2 /Users/chen.junyan/my_cakephp_example/app/webroot/index.php(118): Dispatcher->dispatch(Object(CakeRequest), Object(CakeResponse))
#3 {main}
2015-04-03 14:12:35 Error: [MissingControllerException] Controller class JsController could not be found.
Exception Attributes: array (
  'class' => 'JsController',
  'plugin' => NULL,
)
Request URL: /js/jquery.js
Stack Trace:
#0 /Users/chen.junyan/my_cakephp_example/app/webroot/index.php(118): Dispatcher->dispatch(Object(CakeRequest), Object(CakeResponse))
#1 {main}
2015-04-03 14:20:24 Error: [MissingControllerException] Controller class CssController could not be found.
Exception Attributes: array (
  'class' => 'CssController',
  'plugin' => NULL,
)
Request URL: /css/cake.generic.css
Stack Trace:
#0 /Users/chen.junyan/my_cakephp_example/app/webroot/index.php(118): Dispatcher->dispatch(Object(CakeRequest), Object(CakeResponse))
#1 {main}
2015-04-03 14:20:24 Error: [MissingControllerException] Controller class CssController could not be found.
Exception Attributes: array (
  'class' => 'CssController',
  'plugin' => NULL,
)
Request URL: /css/bootstrap-responsive.min.css
Stack Trace:
#0 /Users/chen.junyan/my_cakephp_example/app/webroot/index.php(118): Dispatcher->dispatch(Object(CakeRequest), Object(CakeResponse))
#1 {main}
2015-04-03 14:20:24 Error: [MissingControllerException] Controller class JsController could not be found.
Exception Attributes: array (
  'class' => 'JsController',
  'plugin' => NULL,
)
Request URL: /js/jquery.js
Stack Trace:
#0 /Users/chen.junyan/my_cakephp_example/app/webroot/index.php(118): Dispatcher->dispatch(Object(CakeRequest), Object(CakeResponse))
#1 {main}
2015-04-03 14:45:45 Error: [MissingControllerException] Controller class CssController could not be found.
Exception Attributes: array (
  'class' => 'CssController',
  'plugin' => NULL,
)
Request URL: /css/cake.generic.css
Stack Trace:
#0 /Users/chen.junyan/my_cakephp_example/app/webroot/index.php(118): Dispatcher->dispatch(Object(CakeRequest), Object(CakeResponse))
#1 {main}
2015-04-03 14:45:45 Error: [MissingControllerException] Controller class JsController could not be found.
Exception Attributes: array (
  'class' => 'JsController',
  'plugin' => NULL,
)
Request URL: /js/jquery.js
Stack Trace:
#0 /Users/chen.junyan/my_cakephp_example/app/webroot/index.php(118): Dispatcher->dispatch(Object(CakeRequest), Object(CakeResponse))
#1 {main}
2015-04-03 14:45:45 Error: [MissingControllerException] Controller class CssController could not be found.
Exception Attributes: array (
  'class' => 'CssController',
  'plugin' => NULL,
)
Request URL: /css/bootstrap-responsive.min.css
Stack Trace:
#0 /Users/chen.junyan/my_cakephp_example/app/webroot/index.php(118): Dispatcher->dispatch(Object(CakeRequest), Object(CakeResponse))
#1 {main}
2015-04-03 14:48:18 Error: [MissingControllerException] Controller class CssController could not be found.
Exception Attributes: array (
  'class' => 'CssController',
  'plugin' => NULL,
)
Request URL: /css/cake.generic.css
Stack Trace:
#0 /Users/chen.junyan/my_cakephp_example/app/webroot/index.php(118): Dispatcher->dispatch(Object(CakeRequest), Object(CakeResponse))
#1 {main}
2015-04-03 14:48:18 Error: [MissingControllerException] Controller class CssController could not be found.
Exception Attributes: array (
  'class' => 'CssController',
  'plugin' => NULL,
)
Request URL: /css/bootstrap-responsive.min.css
Stack Trace:
#0 /Users/chen.junyan/my_cakephp_example/app/webroot/index.php(118): Dispatcher->dispatch(Object(CakeRequest), Object(CakeResponse))
#1 {main}
2015-04-03 14:48:18 Error: [MissingControllerException] Controller class JsController could not be found.
Exception Attributes: array (
  'class' => 'JsController',
  'plugin' => NULL,
)
Request URL: /js/jquery.js
Stack Trace:
#0 /Users/chen.junyan/my_cakephp_example/app/webroot/index.php(118): Dispatcher->dispatch(Object(CakeRequest), Object(CakeResponse))
#1 {main}
2015-04-03 14:53:27 Error: [MissingControllerException] Controller class CssController could not be found.
Exception Attributes: array (
  'class' => 'CssController',
  'plugin' => NULL,
)
Request URL: /css/bootstrap-responsive.min.css
Stack Trace:
#0 /Users/chen.junyan/my_cakephp_example/app/webroot/index.php(118): Dispatcher->dispatch(Object(CakeRequest), Object(CakeResponse))
#1 {main}
2015-04-03 14:53:27 Error: [MissingControllerException] Controller class CssController could not be found.
Exception Attributes: array (
  'class' => 'CssController',
  'plugin' => NULL,
)
Request URL: /css/cake.generic.css
Stack Trace:
#0 /Users/chen.junyan/my_cakephp_example/app/webroot/index.php(118): Dispatcher->dispatch(Object(CakeRequest), Object(CakeResponse))
#1 {main}
2015-04-03 14:56:20 Error: [MissingControllerException] Controller class CssController could not be found.
Exception Attributes: array (
  'class' => 'CssController',
  'plugin' => NULL,
)
Request URL: /css/bootstrap-responsive.min.css
Stack Trace:
#0 /Users/chen.junyan/my_cakephp_example/app/webroot/index.php(118): Dispatcher->dispatch(Object(CakeRequest), Object(CakeResponse))
#1 {main}
2015-04-03 14:56:20 Error: [MissingControllerException] Controller class JsController could not be found.
Exception Attributes: array (
  'class' => 'JsController',
  'plugin' => NULL,
)
Request URL: /js/jquery.js
Stack Trace:
#0 /Users/chen.junyan/my_cakephp_example/app/webroot/index.php(118): Dispatcher->dispatch(Object(CakeRequest), Object(CakeResponse))
#1 {main}
2015-04-03 14:57:47 Error: [MissingControllerException] Controller class CssController could not be found.
Exception Attributes: array (
  'class' => 'CssController',
  'plugin' => NULL,
)
Request URL: /css/bootstrap-responsive.min.css
Stack Trace:
#0 /Users/chen.junyan/my_cakephp_example/app/webroot/index.php(118): Dispatcher->dispatch(Object(CakeRequest), Object(CakeResponse))
#1 {main}
2015-04-03 14:57:47 Error: [MissingControllerException] Controller class JsController could not be found.
Exception Attributes: array (
  'class' => 'JsController',
  'plugin' => NULL,
)
Request URL: /js/jquery.js
Stack Trace:
#0 /Users/chen.junyan/my_cakephp_example/app/webroot/index.php(118): Dispatcher->dispatch(Object(CakeRequest), Object(CakeResponse))
#1 {main}
2015-04-03 15:04:16 Error: [MissingControllerException] Controller class CssController could not be found.
Exception Attributes: array (
  'class' => 'CssController',
  'plugin' => NULL,
)
Request URL: /css/bootstrap-responsive.min.css
Stack Trace:
#0 /Users/chen.junyan/my_cakephp_example/app/webroot/index.php(118): Dispatcher->dispatch(Object(CakeRequest), Object(CakeResponse))
#1 {main}
2015-04-03 15:09:44 Error: [MissingControllerException] Controller class CssController could not be found.
Exception Attributes: array (
  'class' => 'CssController',
  'plugin' => NULL,
)
Request URL: /css/bootstrap-responsive.min.css
Stack Trace:
#0 /Users/chen.junyan/my_cakephp_example/app/webroot/index.php(118): Dispatcher->dispatch(Object(CakeRequest), Object(CakeResponse))
#1 {main}
2015-04-03 15:11:16 Error: [MissingControllerException] Controller class CssController could not be found.
Exception Attributes: array (
  'class' => 'CssController',
  'plugin' => NULL,
)
Request URL: /css/bootstrap-responsive.min.css
Stack Trace:
#0 /Users/chen.junyan/my_cakephp_example/app/webroot/index.php(118): Dispatcher->dispatch(Object(CakeRequest), Object(CakeResponse))
#1 {main}
2015-04-03 15:19:12 Error: [MissingControllerException] Controller class CssController could not be found.
Exception Attributes: array (
  'class' => 'CssController',
  'plugin' => NULL,
)
Request URL: /css/starter-template.min.css
Stack Trace:
#0 /Users/chen.junyan/my_cakephp_example/app/webroot/index.php(118): Dispatcher->dispatch(Object(CakeRequest), Object(CakeResponse))
#1 {main}
2015-04-03 16:09:27 Error: Fatal Error (4): syntax error, unexpected ')' in [/Users/chen.junyan/my_cakephp_example/app/View/Posts/index.ctp, line 49]
2015-04-03 16:09:27 Error: [FatalErrorException] syntax error, unexpected ')'
Request URL: /posts/index
Stack Trace:
#0 /Users/chen.junyan/my_cakephp_example/lib/Cake/Error/ErrorHandler.php(213): ErrorHandler::handleFatalError(4, 'syntax error, u...', '/Users/chen.jun...', 49)
#1 [internal function]: ErrorHandler::handleError(4, 'syntax error, u...', '/Users/chen.jun...', 49, Array)
#2 /Users/chen.junyan/my_cakephp_example/lib/Cake/Core/App.php(931): call_user_func('ErrorHandler::h...', 4, 'syntax error, u...', '/Users/chen.jun...', 49, Array)
#3 /Users/chen.junyan/my_cakephp_example/lib/Cake/Core/App.php(904): App::_checkFatalError()
#4 [internal function]: App::shutdown()
#5 {main}
2015-04-03 16:26:37 Error: Fatal Error (4): syntax error, unexpected ''class'' (T_CONSTANT_ENCAPSED_STRING), expecting '(' in [/Users/chen.junyan/my_cakephp_example/app/View/Posts/index.ctp, line 33]
2015-04-03 16:26:37 Error: [FatalErrorException] syntax error, unexpected ''class'' (T_CONSTANT_ENCAPSED_STRING), expecting '('
Request URL: /posts/index
Stack Trace:
#0 /Users/chen.junyan/my_cakephp_example/lib/Cake/Error/ErrorHandler.php(213): ErrorHandler::handleFatalError(4, 'syntax error, u...', '/Users/chen.jun...', 33)
#1 [internal function]: ErrorHandler::handleError(4, 'syntax error, u...', '/Users/chen.jun...', 33, Array)
#2 /Users/chen.junyan/my_cakephp_example/lib/Cake/Core/App.php(931): call_user_func('ErrorHandler::h...', 4, 'syntax error, u...', '/Users/chen.jun...', 33, Array)
#3 /Users/chen.junyan/my_cakephp_example/lib/Cake/Core/App.php(904): App::_checkFatalError()
#4 [internal function]: App::shutdown()
#5 {main}
2015-04-03 16:45:11 Error: Fatal Error (4): syntax error, unexpected '&' in [/Users/chen.junyan/my_cakephp_example/app/View/Posts/index.ctp, line 28]
2015-04-03 16:45:11 Error: [FatalErrorException] syntax error, unexpected '&'
Request URL: /posts/index
Stack Trace:
#0 /Users/chen.junyan/my_cakephp_example/lib/Cake/Error/ErrorHandler.php(213): ErrorHandler::handleFatalError(4, 'syntax error, u...', '/Users/chen.jun...', 28)
#1 [internal function]: ErrorHandler::handleError(4, 'syntax error, u...', '/Users/chen.jun...', 28, Array)
#2 /Users/chen.junyan/my_cakephp_example/lib/Cake/Core/App.php(931): call_user_func('ErrorHandler::h...', 4, 'syntax error, u...', '/Users/chen.jun...', 28, Array)
#3 /Users/chen.junyan/my_cakephp_example/lib/Cake/Core/App.php(904): App::_checkFatalError()
#4 [internal function]: App::shutdown()
#5 {main}
2015-04-06 10:24:28 Error: Fatal Error (4): syntax error, unexpected '' => array(' (T_CONSTANT_ENCAPSED_STRING), expecting ')' in [/Users/chen.junyan/my_cakephp_example/app/View/Posts/add.ctp, line 6]
2015-04-06 10:24:28 Error: [FatalErrorException] syntax error, unexpected '' => array(' (T_CONSTANT_ENCAPSED_STRING), expecting ')'
Request URL: /posts/add
Stack Trace:
#0 /Users/chen.junyan/my_cakephp_example/lib/Cake/Error/ErrorHandler.php(213): ErrorHandler::handleFatalError(4, 'syntax error, u...', '/Users/chen.jun...', 6)
#1 [internal function]: ErrorHandler::handleError(4, 'syntax error, u...', '/Users/chen.jun...', 6, Array)
#2 /Users/chen.junyan/my_cakephp_example/lib/Cake/Core/App.php(931): call_user_func('ErrorHandler::h...', 4, 'syntax error, u...', '/Users/chen.jun...', 6, Array)
#3 /Users/chen.junyan/my_cakephp_example/lib/Cake/Core/App.php(904): App::_checkFatalError()
#4 [internal function]: App::shutdown()
#5 {main}
2015-04-06 10:42:28 Error: Fatal Error (1): Unsupported operand types in [/Users/chen.junyan/my_cakephp_example/lib/Cake/View/Helper/FormHelper.php, line 378]
2015-04-06 10:42:28 Error: [FatalErrorException] Unsupported operand types
Request URL: /posts/add
Stack Trace:
#0 /Users/chen.junyan/my_cakephp_example/lib/Cake/Error/ErrorHandler.php(213): ErrorHandler::handleFatalError(1, 'Unsupported ope...', '/Users/chen.jun...', 378)
#1 [internal function]: ErrorHandler::handleError(1, 'Unsupported ope...', '/Users/chen.jun...', 378, Array)
#2 /Users/chen.junyan/my_cakephp_example/lib/Cake/Core/App.php(931): call_user_func('ErrorHandler::h...', 1, 'Unsupported ope...', '/Users/chen.jun...', 378, Array)
#3 /Users/chen.junyan/my_cakephp_example/lib/Cake/Core/App.php(904): App::_checkFatalError()
#4 [internal function]: App::shutdown()
#5 {main}
2015-04-06 11:00:06 Error: [MethodNotAllowedException] Method Not Allowed
Request URL: /posts/delete/17
Stack Trace:
#0 [internal function]: PostsController->delete('17')
#1 /Users/chen.junyan/my_cakephp_example/lib/Cake/Controller/Controller.php(490): ReflectionMethod->invokeArgs(Object(PostsController), Array)
#2 /Users/chen.junyan/my_cakephp_example/lib/Cake/Routing/Dispatcher.php(193): Controller->invokeAction(Object(CakeRequest))
#3 /Users/chen.junyan/my_cakephp_example/lib/Cake/Routing/Dispatcher.php(167): Dispatcher->_invoke(Object(PostsController), Object(CakeRequest))
#4 /Users/chen.junyan/my_cakephp_example/app/webroot/index.php(118): Dispatcher->dispatch(Object(CakeRequest), Object(CakeResponse))
#5 {main}
2015-04-06 11:01:32 Error: [MethodNotAllowedException] Method Not Allowed
Request URL: /posts/delete/1
Stack Trace:
#0 [internal function]: PostsController->delete('1')
#1 /Users/chen.junyan/my_cakephp_example/lib/Cake/Controller/Controller.php(490): ReflectionMethod->invokeArgs(Object(PostsController), Array)
#2 /Users/chen.junyan/my_cakephp_example/lib/Cake/Routing/Dispatcher.php(193): Controller->invokeAction(Object(CakeRequest))
#3 /Users/chen.junyan/my_cakephp_example/lib/Cake/Routing/Dispatcher.php(167): Dispatcher->_invoke(Object(PostsController), Object(CakeRequest))
#4 /Users/chen.junyan/my_cakephp_example/app/webroot/index.php(118): Dispatcher->dispatch(Object(CakeRequest), Object(CakeResponse))
#5 {main}
2015-04-06 11:01:56 Error: [MethodNotAllowedException] Method Not Allowed
Request URL: /posts/delete/11
Stack Trace:
#0 [internal function]: PostsController->delete('11')
#1 /Users/chen.junyan/my_cakephp_example/lib/Cake/Controller/Controller.php(490): ReflectionMethod->invokeArgs(Object(PostsController), Array)
#2 /Users/chen.junyan/my_cakephp_example/lib/Cake/Routing/Dispatcher.php(193): Controller->invokeAction(Object(CakeRequest))
#3 /Users/chen.junyan/my_cakephp_example/lib/Cake/Routing/Dispatcher.php(167): Dispatcher->_invoke(Object(PostsController), Object(CakeRequest))
#4 /Users/chen.junyan/my_cakephp_example/app/webroot/index.php(118): Dispatcher->dispatch(Object(CakeRequest), Object(CakeResponse))
#5 {main}
2015-04-06 11:06:39 Error: [MethodNotAllowedException] Method Not Allowed
Request URL: /posts/delete/11
Stack Trace:
#0 [internal function]: PostsController->delete('11')
#1 /Users/chen.junyan/my_cakephp_example/lib/Cake/Controller/Controller.php(490): ReflectionMethod->invokeArgs(Object(PostsController), Array)
#2 /Users/chen.junyan/my_cakephp_example/lib/Cake/Routing/Dispatcher.php(193): Controller->invokeAction(Object(CakeRequest))
#3 /Users/chen.junyan/my_cakephp_example/lib/Cake/Routing/Dispatcher.php(167): Dispatcher->_invoke(Object(PostsController), Object(CakeRequest))
#4 /Users/chen.junyan/my_cakephp_example/app/webroot/index.php(118): Dispatcher->dispatch(Object(CakeRequest), Object(CakeResponse))
#5 {main}
2015-04-06 14:24:35 Error: [MissingControllerException] Controller class CssController could not be found.
Exception Attributes: array (
  'class' => 'CssController',
  'plugin' => NULL,
)
Request URL: /css/bootstrap.default.min.css
Stack Trace:
#0 /Users/chen.junyan/my_cakephp_example/app/webroot/index.php(118): Dispatcher->dispatch(Object(CakeRequest), Object(CakeResponse))
#1 {main}
2015-04-06 14:24:56 Error: [MissingControllerException] Controller class CssController could not be found.
Exception Attributes: array (
  'class' => 'CssController',
  'plugin' => NULL,
)
Request URL: /css/bootstrap.default.min.css
Stack Trace:
#0 /Users/chen.junyan/my_cakephp_example/app/webroot/index.php(118): Dispatcher->dispatch(Object(CakeRequest), Object(CakeResponse))
#1 {main}
2015-04-06 14:25:43 Error: [MissingControllerException] Controller class CssController could not be found.
Exception Attributes: array (
  'class' => 'CssController',
  'plugin' => NULL,
)
Request URL: /css/bootstrap.default.min.css
Stack Trace:
#0 /Users/chen.junyan/my_cakephp_example/app/webroot/index.php(118): Dispatcher->dispatch(Object(CakeRequest), Object(CakeResponse))
#1 {main}
2015-04-06 16:30:45 Error: Array
(
    [0] => Array
        (
            [Post] => Array
                (
                    [id] => 3
                    [title] => Title strikes back
                    [body] => This is really exciting!
                    [created_at] => 1427878567
                    [modified_at] => 1428029023
                )

        )

    [1] => Array
        (
            [Post] => Array
                (
                    [id] => 4
                    [title] => 站点信息
                    [body] => 要加一些副标题，好吗
                    [created_at] => 1428026037
                    [modified_at] => 1428026037
                )

        )

    [2] => Array
        (
            [Post] => Array
                (
                    [id] => 5
                    [title] => 站点信息
                    [body] => 要加一些副标题ba
                    [created_at] => 1428028655
                    [modified_at] => 1428028655
                )

        )

    [3] => Array
        (
            [Post] => Array
                (
                    [id] => 6
                    [title] => 站点信息更新
                    [body] => 一个新一点OK?
                    [created_at] => 1428028447
                    [modified_at] => 1428028996
                )

        )

    [4] => Array
        (
            [Post] => Array
                (
                    [id] => 9
                    [title] => fdasfds
                    [body] => fasdfasdfasferer
                    [created_at] => 1428028036
                    [modified_at] => 1428028036
                )

        )

    [5] => Array
        (
            [Post] => Array
                (
                    [id] => 10
                    [title] => dfdfsda
                    [body] => adfadsfadsfa
                    [created_at] => 
                    [modified_at] => 
                )

        )

    [6] => Array
        (
            [Post] => Array
                (
                    [id] => 11
                    [title] => dfasdfadsf
                    [body] => dfasdfdsfads
                    [created_at] => 
                    [modified_at] => 
                )

        )

    [7] => Array
        (
            [Post] => Array
                (
                    [id] => 12
                    [title] => error
                    [body] => that's it, too
                    [created_at] => 1428027582
                    [modified_at] => 1428027582
                )

        )

    [8] => Array
        (
            [Post] => Array
                (
                    [id] => 13
                    [title] => abc
                    [body] => def
                    [created_at] => 1428028472
                    [modified_at] => 1428028472
                )

        )

    [9] => Array
        (
            [Post] => Array
                (
                    [id] => 14
                    [title] => bfd
                    [body] => asdfa
                    [created_at] => 1428028491
                    [modified_at] => 1428028491
                )

        )

    [10] => Array
        (
            [Post] => Array
                (
                    [id] => 16
                    [title] => fadsfas
                    [body] => dfadsfa
                    [created_at] => 1428029283
                    [modified_at] => 1428029283
                )

        )

    [11] => Array
        (
            [Post] => Array
                (
                    [id] => 19
                    [title] => dfsadfd
                    [body] => Cum sociis natoque penatibus et magnis dis parturient montes, nascetur ridiculus mus. Aenean eu leo quam. Pellentesque ornare sem lacinia quam venenatis vestibulum. Sed posuere consectetur est at lobortis. Cras mattis consectetur purus sit amet fermentum.

Curabitur blandit tempus porttitor. Nullam quis risus eget urna mollis ornare vel eu leo. Nullam id dolor id nibh ultricies vehicula ut id elit.
Etiam porta sem malesuada magna mollis euismod. Cras mattis consectetur purus sit amet fermentum. Aenean lacinia bibendum nulla sed consectetur.

Vivamus sagittis lacus vel augue laoreet rutrum faucibus dolor auctor. Duis mollis, est non commodo luctus, nisi erat porttitor ligula, eget lacinia odio sem nec elit. Morbi leo risus, porta ac consectetur ac, vestibulum at eros.
                    [created_at] => 1428288217
                    [modified_at] => 1428288217
                )

        )

)

2015-04-06 16:40:30 Error: [PDOException] SQLSTATE[42000]: Syntax error or access violation: 1064 You have an error in your SQL syntax; check the manual that corresponds to your MySQL server version for the right syntax to use near 'dsc  LIMIT 3' at line 1
Request URL: /posts/
Stack Trace:
#0 /Users/chen.junyan/my_cakephp_example/lib/Cake/Model/Datasource/DboSource.php(460): PDOStatement->execute(Array)
#1 /Users/chen.junyan/my_cakephp_example/lib/Cake/Model/Datasource/DboSource.php(426): DboSource->_execute('SELECT `Post`.`...', Array)
#2 /Users/chen.junyan/my_cakephp_example/lib/Cake/Model/Datasource/DboSource.php(668): DboSource->execute('SELECT `Post`.`...', Array, Array)
#3 /Users/chen.junyan/my_cakephp_example/lib/Cake/Model/Datasource/DboSource.php(1106): DboSource->fetchAll('SELECT `Post`.`...', false)
#4 /Users/chen.junyan/my_cakephp_example/lib/Cake/Model/Model.php(3022): DboSource->read(Object(Post), Array)
#5 /Users/chen.junyan/my_cakephp_example/lib/Cake/Model/Model.php(2994): Model->_readDataSource('all', Array)
#6 /Users/chen.junyan/my_cakephp_example/lib/Cake/Controller/Component/PaginatorComponent.php(196): Model->find('all', Array)
#7 /Users/chen.junyan/my_cakephp_example/lib/Cake/Controller/Controller.php(1086): PaginatorComponent->paginate('Post', Array, Array)
#8 /Users/chen.junyan/my_cakephp_example/app/Controller/PostsController.php(17): Controller->paginate('Post')
#9 [internal function]: PostsController->index()
#10 /Users/chen.junyan/my_cakephp_example/lib/Cake/Controller/Controller.php(490): ReflectionMethod->invokeArgs(Object(PostsController), Array)
#11 /Users/chen.junyan/my_cakephp_example/lib/Cake/Routing/Dispatcher.php(193): Controller->invokeAction(Object(CakeRequest))
#12 /Users/chen.junyan/my_cakephp_example/lib/Cake/Routing/Dispatcher.php(167): Dispatcher->_invoke(Object(PostsController), Object(CakeRequest))
#13 /Users/chen.junyan/my_cakephp_example/app/webroot/index.php(118): Dispatcher->dispatch(Object(CakeRequest), Object(CakeResponse))
#14 {main}
2015-04-06 16:46:54 Error: Fatal Error (4): syntax error, unexpected ';' in [/Users/chen.junyan/my_cakephp_example/app/View/Posts/index.ctp, line 45]
2015-04-06 16:46:54 Error: [FatalErrorException] syntax error, unexpected ';'
Request URL: /posts/
Stack Trace:
#0 /Users/chen.junyan/my_cakephp_example/lib/Cake/Error/ErrorHandler.php(213): ErrorHandler::handleFatalError(4, 'syntax error, u...', '/Users/chen.jun...', 45)
#1 [internal function]: ErrorHandler::handleError(4, 'syntax error, u...', '/Users/chen.jun...', 45, Array)
#2 /Users/chen.junyan/my_cakephp_example/lib/Cake/Core/App.php(931): call_user_func('ErrorHandler::h...', 4, 'syntax error, u...', '/Users/chen.jun...', 45, Array)
#3 /Users/chen.junyan/my_cakephp_example/lib/Cake/Core/App.php(904): App::_checkFatalError()
#4 [internal function]: App::shutdown()
#5 {main}
2015-04-06 17:13:55 Error: Fatal Error (4): syntax error, unexpected ''alert'' (T_CONSTANT_ENCAPSED_STRING) in [/Users/chen.junyan/my_cakephp_example/app/Controller/PostsController.php, line 36]
2015-04-06 17:13:55 Error: [FatalErrorException] syntax error, unexpected ''alert'' (T_CONSTANT_ENCAPSED_STRING)
Request URL: /posts/add
Stack Trace:
#0 /Users/chen.junyan/my_cakephp_example/lib/Cake/Error/ErrorHandler.php(213): ErrorHandler::handleFatalError(4, 'syntax error, u...', '/Users/chen.jun...', 36)
#1 [internal function]: ErrorHandler::handleError(4, 'syntax error, u...', '/Users/chen.jun...', 36, Array)
#2 /Users/chen.junyan/my_cakephp_example/lib/Cake/Core/App.php(931): call_user_func('ErrorHandler::h...', 4, 'syntax error, u...', '/Users/chen.jun...', 36, Array)
#3 /Users/chen.junyan/my_cakephp_example/lib/Cake/Core/App.php(904): App::_checkFatalError()
#4 [internal function]: App::shutdown()
#5 {main}
2015-04-08 10:45:45 Error: Fatal Error (4): syntax error, unexpected ',' in [/Users/chen.junyan/my_cakephp_example/app/View/Layouts/default.ctp, line 34]
2015-04-08 10:45:45 Error: [FatalErrorException] syntax error, unexpected ','
Request URL: /posts/view
Stack Trace:
#0 /Users/chen.junyan/my_cakephp_example/lib/Cake/Error/ErrorHandler.php(213): ErrorHandler::handleFatalError(4, 'syntax error, u...', '/Users/chen.jun...', 34)
#1 [internal function]: ErrorHandler::handleError(4, 'syntax error, u...', '/Users/chen.jun...', 34, Array)
#2 /Users/chen.junyan/my_cakephp_example/lib/Cake/Core/App.php(931): call_user_func('ErrorHandler::h...', 4, 'syntax error, u...', '/Users/chen.jun...', 34, Array)
#3 /Users/chen.junyan/my_cakephp_example/lib/Cake/Core/App.php(904): App::_checkFatalError()
#4 [internal function]: App::shutdown()
#5 {main}
2015-04-08 11:23:55 Error: Fatal Error (4): syntax error, unexpected '=>' (T_DOUBLE_ARROW), expecting ')' in [/Users/chen.junyan/my_cakephp_example/app/Controller/PostsController.php, line 73]
2015-04-08 11:23:55 Error: [FatalErrorException] syntax error, unexpected '=>' (T_DOUBLE_ARROW), expecting ')'
Request URL: /posts/view
Stack Trace:
#0 /Users/chen.junyan/my_cakephp_example/lib/Cake/Error/ErrorHandler.php(213): ErrorHandler::handleFatalError(4, 'syntax error, u...', '/Users/chen.jun...', 73)
#1 [internal function]: ErrorHandler::handleError(4, 'syntax error, u...', '/Users/chen.jun...', 73, Array)
#2 /Users/chen.junyan/my_cakephp_example/lib/Cake/Core/App.php(931): call_user_func('ErrorHandler::h...', 4, 'syntax error, u...', '/Users/chen.jun...', 73, Array)
#3 /Users/chen.junyan/my_cakephp_example/lib/Cake/Core/App.php(904): App::_checkFatalError()
#4 [internal function]: App::shutdown()
#5 {main}
2015-04-08 11:26:24 Error: Fatal Error (4): syntax error, unexpected end of file, expecting function (T_FUNCTION) in [/Users/chen.junyan/my_cakephp_example/app/Controller/PostsController.php, line 125]
2015-04-08 11:26:24 Error: [FatalErrorException] syntax error, unexpected end of file, expecting function (T_FUNCTION)
Request URL: /posts/view
Stack Trace:
#0 /Users/chen.junyan/my_cakephp_example/lib/Cake/Error/ErrorHandler.php(213): ErrorHandler::handleFatalError(4, 'syntax error, u...', '/Users/chen.jun...', 125)
#1 [internal function]: ErrorHandler::handleError(4, 'syntax error, u...', '/Users/chen.jun...', 125, Array)
#2 /Users/chen.junyan/my_cakephp_example/lib/Cake/Core/App.php(931): call_user_func('ErrorHandler::h...', 4, 'syntax error, u...', '/Users/chen.jun...', 125, Array)
#3 /Users/chen.junyan/my_cakephp_example/lib/Cake/Core/App.php(904): App::_checkFatalError()
#4 [internal function]: App::shutdown()
#5 {main}
2015-04-08 11:33:21 Error: [NotFoundException] Invalid delete
Request URL: /posts/delete
Stack Trace:
#0 [internal function]: PostsController->delete()
#1 /Users/chen.junyan/my_cakephp_example/lib/Cake/Controller/Controller.php(490): ReflectionMethod->invokeArgs(Object(PostsController), Array)
#2 /Users/chen.junyan/my_cakephp_example/lib/Cake/Routing/Dispatcher.php(193): Controller->invokeAction(Object(CakeRequest))
#3 /Users/chen.junyan/my_cakephp_example/lib/Cake/Routing/Dispatcher.php(167): Dispatcher->_invoke(Object(PostsController), Object(CakeRequest))
#4 /Users/chen.junyan/my_cakephp_example/app/webroot/index.php(118): Dispatcher->dispatch(Object(CakeRequest), Object(CakeResponse))
#5 {main}
2015-04-08 11:33:32 Error: [NotFoundException] Invalid delete
Request URL: /posts/delete
Stack Trace:
#0 [internal function]: PostsController->delete()
#1 /Users/chen.junyan/my_cakephp_example/lib/Cake/Controller/Controller.php(490): ReflectionMethod->invokeArgs(Object(PostsController), Array)
#2 /Users/chen.junyan/my_cakephp_example/lib/Cake/Routing/Dispatcher.php(193): Controller->invokeAction(Object(CakeRequest))
#3 /Users/chen.junyan/my_cakephp_example/lib/Cake/Routing/Dispatcher.php(167): Dispatcher->_invoke(Object(PostsController), Object(CakeRequest))
#4 /Users/chen.junyan/my_cakephp_example/app/webroot/index.php(118): Dispatcher->dispatch(Object(CakeRequest), Object(CakeResponse))
#5 {main}
